0 info it worked if it ends with ok
1 verbose cli [ 'C:\\Program Files\\nodejs\\node.exe',
1 verbose cli   'C:\\Program Files\\nodejs\\node_modules\\npm\\bin\\npm-cli.js',
1 verbose cli   'run',
1 verbose cli   'start' ]
2 info using npm@3.10.8
3 info using node@v6.9.1
4 verbose run-script [ 'prestart', 'start', 'poststart' ]
5 info lifecycle firstDemoWebpack@0.0.1~prestart: firstDemoWebpack@0.0.1
6 silly lifecycle firstDemoWebpack@0.0.1~prestart: no script for prestart, continuing
7 info lifecycle firstDemoWebpack@0.0.1~start: firstDemoWebpack@0.0.1
8 verbose lifecycle firstDemoWebpack@0.0.1~start: unsafe-perm in lifecycle true
9 verbose lifecycle firstDemoWebpack@0.0.1~start: PATH: C:\Program Files\nodejs\node_modules\npm\bin\node-gyp-bin;E:\BaiduYunDownload\a-nice-day-master\webpack\firstDemoWebpack\node_modules\.bin;C:\ProgramData\Oracle\Java\javapath;C:\Windows\system32;C:\Windows;C:\Windows\System32\Wbem;C:\Windows\System32\WindowsPowerShell\v1.0\ E:\Java\jdk1.8.0_91\bin; E:\Java\jdk1.8.0_91\jre\bin;%andriod%;C:\Program Files\VisualSVN Server\bin;C:\Program Files\TortoiseSVN\bin;C:\Windows\SysWOW64\adb;C:\Program Files\nodejs\;D:\Git\cmd;C:\Program Files\PuTTY\;C:\Users\admin\AppData\Roaming\npm;D:\
10 verbose lifecycle firstDemoWebpack@0.0.1~start: CWD: E:\BaiduYunDownload\a-nice-day-master\webpack\firstDemoWebpack
11 silly lifecycle firstDemoWebpack@0.0.1~start: Args: [ '/d /s /c', 'webpack-dev-server --open' ]
12 verbose stack Error: kill ENOSYS
12 verbose stack     at exports._errnoException (util.js:1026:11)
12 verbose stack     at process.kill (internal/process.js:172:13)
12 verbose stack     at process.listener (C:\Program Files\nodejs\node_modules\npm\node_modules\npmlog\node_modules\gauge\node_modules\signal-exit\index.js:86:15)
12 verbose stack     at emitNone (events.js:91:20)
12 verbose stack     at process.emit (events.js:185:7)
12 verbose stack     at processEmit (C:\Program Files\nodejs\node_modules\npm\node_modules\npmlog\node_modules\gauge\node_modules\signal-exit\index.js:146:32)
12 verbose stack     at processEmit (C:\Program Files\nodejs\node_modules\npm\node_modules\npm-registry-client\node_modules\npmlog\node_modules\gauge\node_modules\signal-exit\index.js:146:32)
12 verbose stack     at Signal.wrap.onsignal (internal/process.js:199:44)
13 verbose cwd E:\BaiduYunDownload\a-nice-day-master\webpack\firstDemoWebpack
14 error Windows_NT 6.1.7601
15 error argv "C:\\Program Files\\nodejs\\node.exe" "C:\\Program Files\\nodejs\\node_modules\\npm\\bin\\npm-cli.js" "run" "start"
16 error node v6.9.1
17 error npm  v3.10.8
18 error code ENOSYS
19 error errno ENOSYS
20 error syscall kill
21 error kill ENOSYS
22 error If you need help, you may report this error at:
22 error     <https://github.com/npm/npm/issues>
23 verbose exit [ 1, true ]
